mode: set
financial-record/config/config.go:16.26,24.45 5 0
financial-record/config/config.go:24.45,26.3 1 0
financial-record/config/config.go:30.2,31.22 2 0
financial-record/config/database.go:11.29,23.16 9 0
financial-record/config/database.go:23.16,25.3 1 0
financial-record/config/database.go:27.2,27.34 1 0
financial-record/config/database.go:27.34,29.3 1 0
financial-record/config/database.go:31.2,32.11 2 0
financial-record/config/middleware.go:7.56,8.54 1 0
financial-record/config/middleware.go:8.54,10.42 2 0
financial-record/config/middleware.go:10.42,13.4 2 0
financial-record/config/middleware.go:14.3,14.23 1 0
financial-record/config/middleware.go:18.55,19.54 1 0
financial-record/config/middleware.go:19.54,21.42 2 0
financial-record/config/middleware.go:21.42,24.4 2 0
financial-record/config/middleware.go:25.3,25.23 1 0
financial-record/config/session.go:14.18,17.120 2 1
financial-record/config/session.go:17.120,19.3 1 1
financial-record/config/session.go:21.2,27.3 2 1
financial-record/config/session.go:30.13,32.2 1 1
